<?xml version="1.0" encoding="UTF-8"?>
<testng-results ignored="0" total="3" passed="3" failed="0" skipped="0">
  <reporter-output>
  </reporter-output>
  <suite started-at="2023-08-08T18:10:32 IST" name="Default suite" finished-at="2023-08-08T18:11:03 IST" duration-ms="31745">
    <groups>
      <group name="cucumber">
        <method signature="AbstractTestNGCucumberTests.runScenario(io.cucumber.testng.PickleWrapper,io.cucumber.testng.FeatureWrapper)[pri:0, instance:ExecutionPackage.AirCandaRunner@6150c3ec]" name="runScenario" class="io.cucumber.testng.AbstractTestNGCucumberTests"/>
      </group> <!-- cucumber -->
    </groups>
    <test started-at="2023-08-08T18:10:32 IST" name="Default test" finished-at="2023-08-08T18:11:03 IST" duration-ms="31745">
      <class name="ExecutionPackage.AirCandaRunner">
        <test-method is-config="true" signature="setUpClass(org.testng.ITestContext)[pri:0, instance:ExecutionPackage.AirCandaRunner@6150c3ec]" started-at="2023-08-08T18:10:32 IST" name="setUpClass" finished-at="2023-08-08T18:10:33 IST" duration-ms="810" status="PASS">
          <params>
            <param index="0">
              <value>
                <![CDATA[org.testng.TestRunner@11574592]]>
              </value>
            </param>
          </params>
          <reporter-output>
          </reporter-output>
        </test-method> <!-- setUpClass -->
        <test-method signature="runScenario(io.cucumber.testng.PickleWrapper,io.cucumber.testng.FeatureWrapper)[pri:0, instance:ExecutionPackage.AirCandaRunner@6150c3ec]" started-at="2023-08-08T18:10:33 IST" name="runScenario" description="Runs Cucumber Scenarios" data-provider="scenarios" finished-at="2023-08-08T18:10:44 IST" duration-ms="10984" status="PASS">
          <params>
            <param index="0">
              <value>
                <![CDATA["Verification Of Title"]]>
              </value>
            </param>
            <param index="1">
              <value>
                <![CDATA["AirCannda Functionality"]]>
              </value>
            </param>
          </params>
          <reporter-output>
          </reporter-output>
        </test-method> <!-- runScenario -->
        <test-method signature="runScenario(io.cucumber.testng.PickleWrapper,io.cucumber.testng.FeatureWrapper)[pri:0, instance:ExecutionPackage.AirCandaRunner@6150c3ec]" started-at="2023-08-08T18:10:44 IST" name="runScenario" description="Runs Cucumber Scenarios" data-provider="scenarios" finished-at="2023-08-08T18:10:50 IST" duration-ms="6413" status="PASS">
          <params>
            <param index="0">
              <value>
                <![CDATA["Verify signIn icon"]]>
              </value>
            </param>
            <param index="1">
              <value>
                <![CDATA["AirCannda Functionality"]]>
              </value>
            </param>
          </params>
          <reporter-output>
          </reporter-output>
        </test-method> <!-- runScenario -->
        <test-method signature="runScenario(io.cucumber.testng.PickleWrapper,io.cucumber.testng.FeatureWrapper)[pri:0, instance:ExecutionPackage.AirCandaRunner@6150c3ec]" started-at="2023-08-08T18:10:50 IST" name="runScenario" description="Runs Cucumber Scenarios" data-provider="scenarios" finished-at="2023-08-08T18:11:01 IST" duration-ms="11147" status="PASS">
          <params>
            <param index="0">
              <value>
                <![CDATA["Search Flight"]]>
              </value>
            </param>
            <param index="1">
              <value>
                <![CDATA["AirCannda Functionality"]]>
              </value>
            </param>
          </params>
          <reporter-output>
          </reporter-output>
        </test-method> <!-- runScenario -->
        <test-method is-config="true" signature="tearDownClass()[pri:0, instance:ExecutionPackage.AirCandaRunner@6150c3ec]" started-at="2023-08-08T18:11:01 IST" name="tearDownClass" finished-at="2023-08-08T18:11:03 IST" duration-ms="2325" status="PASS">
          <reporter-output>
          </reporter-output>
        </test-method> <!-- tearDownClass -->
      </class> <!-- ExecutionPackage.AirCandaRunner -->
    </test> <!-- Default test -->
  </suite> <!-- Default suite -->
</testng-results>
