<?xml version="1.0" encoding="UTF-8"?>
<testng-results ignored="0" total="3" passed="3" failed="0" skipped="0">
  <reporter-output>
  </reporter-output>
  <suite started-at="2023-08-03T15:44:29 IST" name="Default suite" finished-at="2023-08-03T15:45:04 IST" duration-ms="34800">
    <groups>
      <group name="cucumber">
        <method signature="AbstractTestNGCucumberTests.runScenario(io.cucumber.testng.PickleWrapper,io.cucumber.testng.FeatureWrapper)[pri:0, instance:ExecutionPackage.AirCandaRunner@6150c3ec]" name="runScenario" class="io.cucumber.testng.AbstractTestNGCucumberTests"/>
      </group> <!-- cucumber -->
    </groups>
    <test started-at="2023-08-03T15:44:29 IST" name="Default test" finished-at="2023-08-03T15:45:04 IST" duration-ms="34800">
      <class name="ExecutionPackage.AirCandaRunner">
        <test-method is-config="true" signature="setUpClass(org.testng.ITestContext)[pri:0, instance:ExecutionPackage.AirCandaRunner@6150c3ec]" started-at="2023-08-03T15:44:29 IST" name="setUpClass" finished-at="2023-08-03T15:44:30 IST" duration-ms="825" status="PASS">
          <params>
            <param index="0">
              <value>
                <![CDATA[org.testng.TestRunner@148ab138]]>
              </value>
            </param>
          </params>
          <reporter-output>
          </reporter-output>
        </test-method> <!-- setUpClass -->
        <test-method signature="runScenario(io.cucumber.testng.PickleWrapper,io.cucumber.testng.FeatureWrapper)[pri:0, instance:ExecutionPackage.AirCandaRunner@6150c3ec]" started-at="2023-08-03T15:44:30 IST" name="runScenario" description="Runs Cucumber Scenarios" data-provider="scenarios" finished-at="2023-08-03T15:44:39 IST" duration-ms="8663" status="PASS">
          <params>
            <param index="0">
              <value>
                <![CDATA["Verification Of Title"]]>
              </value>
            </param>
            <param index="1">
              <value>
                <![CDATA["AirCannda Functionality"]]>
              </value>
            </param>
          </params>
          <reporter-output>
          </reporter-output>
        </test-method> <!-- runScenario -->
        <test-method signature="runScenario(io.cucumber.testng.PickleWrapper,io.cucumber.testng.FeatureWrapper)[pri:0, instance:ExecutionPackage.AirCandaRunner@6150c3ec]" started-at="2023-08-03T15:44:39 IST" name="runScenario" description="Runs Cucumber Scenarios" data-provider="scenarios" finished-at="2023-08-03T15:44:47 IST" duration-ms="8672" status="PASS">
          <params>
            <param index="0">
              <value>
                <![CDATA["Verify signIn icon"]]>
              </value>
            </param>
            <param index="1">
              <value>
                <![CDATA["AirCannda Functionality"]]>
              </value>
            </param>
          </params>
          <reporter-output>
          </reporter-output>
        </test-method> <!-- runScenario -->
        <test-method signature="runScenario(io.cucumber.testng.PickleWrapper,io.cucumber.testng.FeatureWrapper)[pri:0, instance:ExecutionPackage.AirCandaRunner@6150c3ec]" started-at="2023-08-03T15:44:47 IST" name="runScenario" description="Runs Cucumber Scenarios" data-provider="scenarios" finished-at="2023-08-03T15:45:01 IST" duration-ms="13496" status="PASS">
          <params>
            <param index="0">
              <value>
                <![CDATA["Search Flight"]]>
              </value>
            </param>
            <param index="1">
              <value>
                <![CDATA["AirCannda Functionality"]]>
              </value>
            </param>
          </params>
          <reporter-output>
          </reporter-output>
        </test-method> <!-- runScenario -->
        <test-method is-config="true" signature="tearDownClass()[pri:0, instance:ExecutionPackage.AirCandaRunner@6150c3ec]" started-at="2023-08-03T15:45:01 IST" name="tearDownClass" finished-at="2023-08-03T15:45:04 IST" duration-ms="3049" status="PASS">
          <reporter-output>
          </reporter-output>
        </test-method> <!-- tearDownClass -->
      </class> <!-- ExecutionPackage.AirCandaRunner -->
    </test> <!-- Default test -->
  </suite> <!-- Default suite -->
</testng-results>
